<?xml version="1.0" encoding="UTF-8"?>
<testsuite xmlns:xsi="http://www.w3.org/2001/XMLSchema-instance" xsi:noNamespaceSchemaLocation="https://maven.apache.org/surefire/maven-surefire-plugin/xsd/surefire-test-report-3.0.xsd" version="3.0" name="TestSuite" time="11.32" tests="10" errors="0" skipped="0" failures="0">
  <properties>
    <property name="java.specification.version" value="18"/>
    <property name="sun.jnu.encoding" value="UTF-8"/>
    <property name="java.class.path" value="/Users/jays/eclipse-workspace/PetStoreAutomation/target/test-classes:/Users/jays/eclipse-workspace/PetStoreAutomation/target/classes:/Users/jays/.m2/repository/io/rest-assured/rest-assured/5.4.0/rest-assured-5.4.0.jar:/Users/jays/.m2/repository/org/apache/groovy/groovy/4.0.16/groovy-4.0.16.jar:/Users/jays/.m2/repository/org/apache/groovy/groovy-xml/4.0.16/groovy-xml-4.0.16.jar:/Users/jays/.m2/repository/org/apache/httpcomponents/httpclient/4.5.13/httpclient-4.5.13.jar:/Users/jays/.m2/repository/org/apache/httpcomponents/httpcore/4.4.13/httpcore-4.4.13.jar:/Users/jays/.m2/repository/commons-logging/commons-logging/1.2/commons-logging-1.2.jar:/Users/jays/.m2/repository/org/apache/httpcomponents/httpmime/4.5.13/httpmime-4.5.13.jar:/Users/jays/.m2/repository/org/hamcrest/hamcrest/2.2/hamcrest-2.2.jar:/Users/jays/.m2/repository/org/ccil/cowan/tagsoup/tagsoup/1.2.1/tagsoup-1.2.1.jar:/Users/jays/.m2/repository/io/rest-assured/xml-path/5.4.0/xml-path-5.4.0.jar:/Users/jays/.m2/repository/io/rest-assured/json-path/5.4.0/json-path-5.4.0.jar:/Users/jays/.m2/repository/org/apache/groovy/groovy-json/4.0.16/groovy-json-4.0.16.jar:/Users/jays/.m2/repository/io/rest-assured/rest-assured-common/5.4.0/rest-assured-common-5.4.0.jar:/Users/jays/.m2/repository/org/json/json/20230618/json-20230618.jar:/Users/jays/.m2/repository/org/testng/testng/7.9.0/testng-7.9.0.jar:/Users/jays/.m2/repository/com/beust/jcommander/1.82/jcommander-1.82.jar:/Users/jays/.m2/repository/org/webjars/jquery/3.7.1/jquery-3.7.1.jar:/Users/jays/.m2/repository/com/github/scribejava/scribejava-apis/8.3.3/scribejava-apis-8.3.3.jar:/Users/jays/.m2/repository/com/github/scribejava/scribejava-core/8.3.3/scribejava-core-8.3.3.jar:/Users/jays/.m2/repository/com/github/scribejava/scribejava-java8/8.3.3/scribejava-java8-8.3.3.jar:/Users/jays/.m2/repository/com/fasterxml/jackson/core/jackson-databind/2.14.0/jackson-databind-2.14.0.jar:/Users/jays/.m2/repository/com/fasterxml/jackson/core/jackson-annotations/2.14.0/jackson-annotations-2.14.0.jar:/Users/jays/.m2/repository/com/fasterxml/jackson/core/jackson-core/2.14.0/jackson-core-2.14.0.jar:/Users/jays/.m2/repository/com/github/java-json-tools/json-schema-validator/2.2.14/json-schema-validator-2.2.14.jar:/Users/jays/.m2/repository/com/google/guava/guava/28.2-android/guava-28.2-android.jar:/Users/jays/.m2/repository/com/google/guava/failureaccess/1.0.1/failureaccess-1.0.1.jar:/Users/jays/.m2/repository/com/google/guava/listenablefuture/9999.0-empty-to-avoid-conflict-with-guava/listenablefuture-9999.0-empty-to-avoid-conflict-with-guava.jar:/Users/jays/.m2/repository/org/checkerframework/checker-compat-qual/2.5.5/checker-compat-qual-2.5.5.jar:/Users/jays/.m2/repository/com/google/errorprone/error_prone_annotations/2.3.4/error_prone_annotations-2.3.4.jar:/Users/jays/.m2/repository/com/google/j2objc/j2objc-annotations/1.3/j2objc-annotations-1.3.jar:/Users/jays/.m2/repository/com/github/java-json-tools/jackson-coreutils-equivalence/1.0/jackson-coreutils-equivalence-1.0.jar:/Users/jays/.m2/repository/com/github/java-json-tools/jackson-coreutils/2.0/jackson-coreutils-2.0.jar:/Users/jays/.m2/repository/com/github/java-json-tools/msg-simple/1.2/msg-simple-1.2.jar:/Users/jays/.m2/repository/com/github/java-json-tools/btf/1.3/btf-1.3.jar:/Users/jays/.m2/repository/com/github/java-json-tools/json-schema-core/1.2.14/json-schema-core-1.2.14.jar:/Users/jays/.m2/repository/com/github/java-json-tools/uri-template/0.10/uri-template-0.10.jar:/Users/jays/.m2/repository/org/mozilla/rhino/1.7.7.2/rhino-1.7.7.2.jar:/Users/jays/.m2/repository/com/sun/mail/mailapi/1.6.2/mailapi-1.6.2.jar:/Users/jays/.m2/repository/joda-time/joda-time/2.10.5/joda-time-2.10.5.jar:/Users/jays/.m2/repository/com/googlecode/libphonenumber/libphonenumber/8.11.1/libphonenumber-8.11.1.jar:/Users/jays/.m2/repository/com/google/code/findbugs/jsr305/3.0.2/jsr305-3.0.2.jar:/Users/jays/.m2/repository/net/sf/jopt-simple/jopt-simple/5.0.4/jopt-simple-5.0.4.jar:/Users/jays/.m2/repository/com/github/javafaker/javafaker/1.0.2/javafaker-1.0.2.jar:/Users/jays/.m2/repository/org/apache/commons/commons-lang3/3.5/commons-lang3-3.5.jar:/Users/jays/.m2/repository/org/yaml/snakeyaml/1.23/snakeyaml-1.23-android.jar:/Users/jays/.m2/repository/com/github/mifmif/generex/1.0.2/generex-1.0.2.jar:/Users/jays/.m2/repository/dk/brics/automaton/automaton/1.11-8/automaton-1.11-8.jar:/Users/jays/.m2/repository/com/aventstack/extentreports/5.1.1/extentreports-5.1.1.jar:/Users/jays/.m2/repository/io/reactivex/rxjava3/rxjava/3.1.6/rxjava-3.1.6.jar:/Users/jays/.m2/repository/org/reactivestreams/reactive-streams/1.0.4/reactive-streams-1.0.4.jar:/Users/jays/.m2/repository/org/freemarker/freemarker/2.3.32/freemarker-2.3.32.jar:/Users/jays/.m2/repository/org/projectlombok/lombok/1.18.26/lombok-1.18.26.jar:/Users/jays/.m2/repository/com/google/code/gson/gson/2.10.1/gson-2.10.1.jar:/Users/jays/.m2/repository/org/apache/poi/poi/5.2.5/poi-5.2.5.jar:/Users/jays/.m2/repository/commons-codec/commons-codec/1.16.0/commons-codec-1.16.0.jar:/Users/jays/.m2/repository/org/apache/commons/commons-collections4/4.4/commons-collections4-4.4.jar:/Users/jays/.m2/repository/org/apache/commons/commons-math3/3.6.1/commons-math3-3.6.1.jar:/Users/jays/.m2/repository/commons-io/commons-io/2.15.0/commons-io-2.15.0.jar:/Users/jays/.m2/repository/com/zaxxer/SparseBitSet/1.3/SparseBitSet-1.3.jar:/Users/jays/.m2/repository/org/apache/poi/poi-ooxml/5.2.5/poi-ooxml-5.2.5.jar:/Users/jays/.m2/repository/org/apache/poi/poi-ooxml-lite/5.2.5/poi-ooxml-lite-5.2.5.jar:/Users/jays/.m2/repository/org/apache/xmlbeans/xmlbeans/5.2.0/xmlbeans-5.2.0.jar:/Users/jays/.m2/repository/org/apache/commons/commons-compress/1.25.0/commons-compress-1.25.0.jar:/Users/jays/.m2/repository/com/github/virtuald/curvesapi/1.08/curvesapi-1.08.jar:/Users/jays/.m2/repository/org/slf4j/slf4j-api/2.1.0-alpha1/slf4j-api-2.1.0-alpha1.jar:/Users/jays/.m2/repository/org/slf4j/slf4j-simple/2.1.0-alpha1/slf4j-simple-2.1.0-alpha1.jar:/Users/jays/.m2/repository/org/apache/logging/log4j/log4j-api/2.17.2/log4j-api-2.17.2.jar:/Users/jays/.m2/repository/org/apache/logging/log4j/log4j-core/2.12.4/log4j-core-2.12.4.jar:/Users/jays/.m2/repository/org/apache/logging/log4j/log4j-to-slf4j/2.17.2/log4j-to-slf4j-2.17.2.jar:"/>
    <property name="java.vm.vendor" value="Homebrew"/>
    <property name="sun.arch.data.model" value="64"/>
    <property name="java.vendor.url" value="https://github.com/Homebrew/homebrew-core/issues"/>
    <property name="user.timezone" value="America/Chicago"/>
    <property name="os.name" value="Mac OS X"/>
    <property name="java.vm.specification.version" value="18"/>
    <property name="sun.java.launcher" value="SUN_STANDARD"/>
    <property name="user.country" value="US"/>
    <property name="sun.boot.library.path" value="/usr/local/Cellar/openjdk/18.0.1.1/libexec/openjdk.jdk/Contents/Home/lib"/>
    <property name="sun.java.command" value="/Users/jays/eclipse-workspace/PetStoreAutomation/target/surefire/surefirebooter-20240306123721874_3.jar /Users/jays/eclipse-workspace/PetStoreAutomation/target/surefire 2024-03-06T12-37-21_715-jvmRun1 surefire-20240306123721874_1tmp surefire_0-20240306123721874_2tmp"/>
    <property name="http.nonProxyHosts" value="local|*.local|169.254/16|*.169.254/16"/>
    <property name="jdk.debug" value="release"/>
    <property name="surefire.test.class.path" value="/Users/jays/eclipse-workspace/PetStoreAutomation/target/test-classes:/Users/jays/eclipse-workspace/PetStoreAutomation/target/classes:/Users/jays/.m2/repository/io/rest-assured/rest-assured/5.4.0/rest-assured-5.4.0.jar:/Users/jays/.m2/repository/org/apache/groovy/groovy/4.0.16/groovy-4.0.16.jar:/Users/jays/.m2/repository/org/apache/groovy/groovy-xml/4.0.16/groovy-xml-4.0.16.jar:/Users/jays/.m2/repository/org/apache/httpcomponents/httpclient/4.5.13/httpclient-4.5.13.jar:/Users/jays/.m2/repository/org/apache/httpcomponents/httpcore/4.4.13/httpcore-4.4.13.jar:/Users/jays/.m2/repository/commons-logging/commons-logging/1.2/commons-logging-1.2.jar:/Users/jays/.m2/repository/org/apache/httpcomponents/httpmime/4.5.13/httpmime-4.5.13.jar:/Users/jays/.m2/repository/org/hamcrest/hamcrest/2.2/hamcrest-2.2.jar:/Users/jays/.m2/repository/org/ccil/cowan/tagsoup/tagsoup/1.2.1/tagsoup-1.2.1.jar:/Users/jays/.m2/repository/io/rest-assured/xml-path/5.4.0/xml-path-5.4.0.jar:/Users/jays/.m2/repository/io/rest-assured/json-path/5.4.0/json-path-5.4.0.jar:/Users/jays/.m2/repository/org/apache/groovy/groovy-json/4.0.16/groovy-json-4.0.16.jar:/Users/jays/.m2/repository/io/rest-assured/rest-assured-common/5.4.0/rest-assured-common-5.4.0.jar:/Users/jays/.m2/repository/org/json/json/20230618/json-20230618.jar:/Users/jays/.m2/repository/org/testng/testng/7.9.0/testng-7.9.0.jar:/Users/jays/.m2/repository/com/beust/jcommander/1.82/jcommander-1.82.jar:/Users/jays/.m2/repository/org/webjars/jquery/3.7.1/jquery-3.7.1.jar:/Users/jays/.m2/repository/com/github/scribejava/scribejava-apis/8.3.3/scribejava-apis-8.3.3.jar:/Users/jays/.m2/repository/com/github/scribejava/scribejava-core/8.3.3/scribejava-core-8.3.3.jar:/Users/jays/.m2/repository/com/github/scribejava/scribejava-java8/8.3.3/scribejava-java8-8.3.3.jar:/Users/jays/.m2/repository/com/fasterxml/jackson/core/jackson-databind/2.14.0/jackson-databind-2.14.0.jar:/Users/jays/.m2/repository/com/fasterxml/jackson/core/jackson-annotations/2.14.0/jackson-annotations-2.14.0.jar:/Users/jays/.m2/repository/com/fasterxml/jackson/core/jackson-core/2.14.0/jackson-core-2.14.0.jar:/Users/jays/.m2/repository/com/github/java-json-tools/json-schema-validator/2.2.14/json-schema-validator-2.2.14.jar:/Users/jays/.m2/repository/com/google/guava/guava/28.2-android/guava-28.2-android.jar:/Users/jays/.m2/repository/com/google/guava/failureaccess/1.0.1/failureaccess-1.0.1.jar:/Users/jays/.m2/repository/com/google/guava/listenablefuture/9999.0-empty-to-avoid-conflict-with-guava/listenablefuture-9999.0-empty-to-avoid-conflict-with-guava.jar:/Users/jays/.m2/repository/org/checkerframework/checker-compat-qual/2.5.5/checker-compat-qual-2.5.5.jar:/Users/jays/.m2/repository/com/google/errorprone/error_prone_annotations/2.3.4/error_prone_annotations-2.3.4.jar:/Users/jays/.m2/repository/com/google/j2objc/j2objc-annotations/1.3/j2objc-annotations-1.3.jar:/Users/jays/.m2/repository/com/github/java-json-tools/jackson-coreutils-equivalence/1.0/jackson-coreutils-equivalence-1.0.jar:/Users/jays/.m2/repository/com/github/java-json-tools/jackson-coreutils/2.0/jackson-coreutils-2.0.jar:/Users/jays/.m2/repository/com/github/java-json-tools/msg-simple/1.2/msg-simple-1.2.jar:/Users/jays/.m2/repository/com/github/java-json-tools/btf/1.3/btf-1.3.jar:/Users/jays/.m2/repository/com/github/java-json-tools/json-schema-core/1.2.14/json-schema-core-1.2.14.jar:/Users/jays/.m2/repository/com/github/java-json-tools/uri-template/0.10/uri-template-0.10.jar:/Users/jays/.m2/repository/org/mozilla/rhino/1.7.7.2/rhino-1.7.7.2.jar:/Users/jays/.m2/repository/com/sun/mail/mailapi/1.6.2/mailapi-1.6.2.jar:/Users/jays/.m2/repository/joda-time/joda-time/2.10.5/joda-time-2.10.5.jar:/Users/jays/.m2/repository/com/googlecode/libphonenumber/libphonenumber/8.11.1/libphonenumber-8.11.1.jar:/Users/jays/.m2/repository/com/google/code/findbugs/jsr305/3.0.2/jsr305-3.0.2.jar:/Users/jays/.m2/repository/net/sf/jopt-simple/jopt-simple/5.0.4/jopt-simple-5.0.4.jar:/Users/jays/.m2/repository/com/github/javafaker/javafaker/1.0.2/javafaker-1.0.2.jar:/Users/jays/.m2/repository/org/apache/commons/commons-lang3/3.5/commons-lang3-3.5.jar:/Users/jays/.m2/repository/org/yaml/snakeyaml/1.23/snakeyaml-1.23-android.jar:/Users/jays/.m2/repository/com/github/mifmif/generex/1.0.2/generex-1.0.2.jar:/Users/jays/.m2/repository/dk/brics/automaton/automaton/1.11-8/automaton-1.11-8.jar:/Users/jays/.m2/repository/com/aventstack/extentreports/5.1.1/extentreports-5.1.1.jar:/Users/jays/.m2/repository/io/reactivex/rxjava3/rxjava/3.1.6/rxjava-3.1.6.jar:/Users/jays/.m2/repository/org/reactivestreams/reactive-streams/1.0.4/reactive-streams-1.0.4.jar:/Users/jays/.m2/repository/org/freemarker/freemarker/2.3.32/freemarker-2.3.32.jar:/Users/jays/.m2/repository/org/projectlombok/lombok/1.18.26/lombok-1.18.26.jar:/Users/jays/.m2/repository/com/google/code/gson/gson/2.10.1/gson-2.10.1.jar:/Users/jays/.m2/repository/org/apache/poi/poi/5.2.5/poi-5.2.5.jar:/Users/jays/.m2/repository/commons-codec/commons-codec/1.16.0/commons-codec-1.16.0.jar:/Users/jays/.m2/repository/org/apache/commons/commons-collections4/4.4/commons-collections4-4.4.jar:/Users/jays/.m2/repository/org/apache/commons/commons-math3/3.6.1/commons-math3-3.6.1.jar:/Users/jays/.m2/repository/commons-io/commons-io/2.15.0/commons-io-2.15.0.jar:/Users/jays/.m2/repository/com/zaxxer/SparseBitSet/1.3/SparseBitSet-1.3.jar:/Users/jays/.m2/repository/org/apache/poi/poi-ooxml/5.2.5/poi-ooxml-5.2.5.jar:/Users/jays/.m2/repository/org/apache/poi/poi-ooxml-lite/5.2.5/poi-ooxml-lite-5.2.5.jar:/Users/jays/.m2/repository/org/apache/xmlbeans/xmlbeans/5.2.0/xmlbeans-5.2.0.jar:/Users/jays/.m2/repository/org/apache/commons/commons-compress/1.25.0/commons-compress-1.25.0.jar:/Users/jays/.m2/repository/com/github/virtuald/curvesapi/1.08/curvesapi-1.08.jar:/Users/jays/.m2/repository/org/slf4j/slf4j-api/2.1.0-alpha1/slf4j-api-2.1.0-alpha1.jar:/Users/jays/.m2/repository/org/slf4j/slf4j-simple/2.1.0-alpha1/slf4j-simple-2.1.0-alpha1.jar:/Users/jays/.m2/repository/org/apache/logging/log4j/log4j-api/2.17.2/log4j-api-2.17.2.jar:/Users/jays/.m2/repository/org/apache/logging/log4j/log4j-core/2.12.4/log4j-core-2.12.4.jar:/Users/jays/.m2/repository/org/apache/logging/log4j/log4j-to-slf4j/2.17.2/log4j-to-slf4j-2.17.2.jar:"/>
    <property name="sun.cpu.endian" value="little"/>
    <property name="user.home" value="/Users/jays"/>
    <property name="user.language" value="en"/>
    <property name="java.specification.vendor" value="Oracle Corporation"/>
    <property name="java.version.date" value="2022-04-22"/>
    <property name="java.home" value="/usr/local/Cellar/openjdk/18.0.1.1/libexec/openjdk.jdk/Contents/Home"/>
    <property name="file.separator" value="/"/>
    <property name="basedir" value="/Users/jays/eclipse-workspace/PetStoreAutomation"/>
    <property name="java.vm.compressedOopsMode" value="Zero based"/>
    <property name="line.separator" value="&#10;"/>
    <property name="java.vm.specification.vendor" value="Oracle Corporation"/>
    <property name="java.specification.name" value="Java Platform API Specification"/>
    <property name="apple.awt.application.name" value="ForkedBooter"/>
    <property name="surefire.real.class.path" value="/Users/jays/eclipse-workspace/PetStoreAutomation/target/surefire/surefirebooter-20240306123721874_3.jar"/>
    <property name="sun.management.compiler" value="HotSpot 64-Bit Tiered Compilers"/>
    <property name="ftp.nonProxyHosts" value="local|*.local|169.254/16|*.169.254/16"/>
    <property name="java.runtime.version" value="18.0.1.1+0"/>
    <property name="user.name" value="jays"/>
    <property name="path.separator" value=":"/>
    <property name="os.version" value="13.6.1"/>
    <property name="java.runtime.name" value="OpenJDK Runtime Environment"/>
    <property name="file.encoding" value="UTF-8"/>
    <property name="java.vm.name" value="OpenJDK 64-Bit Server VM"/>
    <property name="java.vendor.version" value="Homebrew"/>
    <property name="localRepository" value="/Users/jays/.m2/repository"/>
    <property name="java.vendor.url.bug" value="https://github.com/Homebrew/homebrew-core/issues"/>
    <property name="java.io.tmpdir" value="/var/folders/py/vptyv9yd5_99f111wd8hrxzw0000gn/T/"/>
    <property name="java.version" value="18.0.1.1"/>
    <property name="user.dir" value="/Users/jays/eclipse-workspace/PetStoreAutomation"/>
    <property name="os.arch" value="x86_64"/>
    <property name="java.vm.specification.name" value="Java Virtual Machine Specification"/>
    <property name="native.encoding" value="UTF-8"/>
    <property name="java.library.path" value="/Users/jays/Library/Java/Extensions:/Library/Java/Extensions:/Network/Library/Java/Extensions:/System/Library/Java/Extensions:/usr/lib/java:."/>
    <property name="java.vm.info" value="mixed mode, sharing"/>
    <property name="java.vendor" value="Homebrew"/>
    <property name="java.vm.version" value="18.0.1.1+0"/>
    <property name="sun.io.unicode.encoding" value="UnicodeBig"/>
    <property name="socksNonProxyHosts" value="local|*.local|169.254/16|*.169.254/16"/>
    <property name="java.class.version" value="62.0"/>
  </properties>
  <testcase name="testPostUser" classname="api.tests.UserTests" time="3.415">
    <system-out><![CDATA[HTTP/1.1 200 OK
Date: Wed, 06 Mar 2024 18:37:26 GMT
Content-Type: application/json
Transfer-Encoding: chunked
Connection: keep-alive
Access-Control-Allow-Origin: *
Access-Control-Allow-Methods: GET, POST, DELETE, PUT
Access-Control-Allow-Headers: Content-Type, api_key, Authorization
Server: Jetty(9.2.9.v20150224)

{
    "code": 200,
    "type": "unknown",
    "message": "2005169944"
}
]]></system-out>
    <system-err><![CDATA[SLF4J(I): Connected with provider of type [org.slf4j.simple.SimpleServiceProvider]
[main] INFO api.tests.UserTests -       creatings user    
[main] INFO api.tests.UserTests -       user created    
]]></system-err>
  </testcase>
  <testcase name="testGetUserbyName" classname="api.tests.UserTests" time="0.433">
    <system-out><![CDATA[HTTP/1.1 200 OK
Date: Wed, 06 Mar 2024 18:37:26 GMT
Content-Type: application/json
Transfer-Encoding: chunked
Connection: keep-alive
Access-Control-Allow-Origin: *
Access-Control-Allow-Methods: GET, POST, DELETE, PUT
Access-Control-Allow-Headers: Content-Type, api_key, Authorization
Server: Jetty(9.2.9.v20150224)

{
    "id": 2005169944,
    "username": "deshawn.cassin",
    "email": "lien.homenick@example.com",
    "password": "ipjfn8c6",
    "phone": "(038) 274-2533",
    "userStatus": 0
}
]]></system-out>
    <system-err><![CDATA[[main] INFO api.tests.UserTests -       reading user info    
[main] INFO api.tests.UserTests -       user info displayed    
]]></system-err>
  </testcase>
  <testcase name="testupdateUserbyname" classname="api.tests.UserTests" time="1.146">
    <system-out><![CDATA[{
    "code": 200,
    "type": "unknown",
    "message": "2005169944"
}
]]></system-out>
    <system-err><![CDATA[[main] INFO api.tests.UserTests -       updaing user info    
]]></system-err>
  </testcase>
  <testcase name="testDeleteUserbyName" classname="api.tests.UserTests" time="0.601"/>
  <testcase name="testPostUser[1010, testUser1, John, Canedy, a@gmail.com, test@1, 1234567897](1)" classname="api.tests.DDTests" time="0.479"/>
  <testcase name="testPostUser[1020, testUser2, Kim, Kom, b@gmail.com, test@2, 1234567897](2)" classname="api.tests.DDTests" time="0.289"/>
  <testcase name="testPostUser[1030, testUser3, Smith, Steve, c@gmail.com, test@3, 1234567897](3)" classname="api.tests.DDTests" time="0.594"/>
  <testcase name="testDeleteUserbyName[testUser1](1)" classname="api.tests.DDTests" time="0.59"/>
  <testcase name="testDeleteUserbyName[testUser2](2)" classname="api.tests.DDTests" time="0.476"/>
  <testcase name="testDeleteUserbyName[testUser3](3)" classname="api.tests.DDTests" time="0.603"/>
</testsuite>