<?xml version="1.0" encoding="UTF-8"?>
<!-- Generated by org.testng.reporters.JUnitReportReporter -->
<testsuite hostname="JayaprakashsMBP.lan" failures="0" tests="4" name="api.tests.UserTests" time="5.018" errors="0" timestamp="2024-03-04T15:32:51 CST" skipped="0">
  <testcase classname="api.tests.UserTests" name="testPostUser" time="2.749"/>
  <system-out/>
  <testcase classname="api.tests.UserTests" name="testGetUserbyName" time="0.650"/>
  <system-out/>
  <testcase classname="api.tests.UserTests" name="testupdateUserbyname" time="1.137"/>
  <system-out/>
  <testcase classname="api.tests.UserTests" name="testDeleteUserbyName" time="0.482"/>
  <system-out/>
</testsuite> <!-- api.tests.UserTests -->
