<?xml version="1.0" encoding="UTF-8"?>
<!-- Generated by org.testng.reporters.JUnitReportReporter -->
<testsuite hostname="JayaprakashsMBP.lan" failures="0" tests="4" name="api.tests.UserTests2" time="5.263" errors="0" timestamp="2024-03-05T14:57:07 CST" skipped="0">
  <testcase classname="api.tests.UserTests2" name="testPostUser" time="3.137"/>
  <system-out/>
  <testcase classname="api.tests.UserTests2" name="testGetUserbyName" time="0.548"/>
  <system-out/>
  <testcase classname="api.tests.UserTests2" name="testupdateUserbyname" time="1.108"/>
  <system-out/>
  <testcase classname="api.tests.UserTests2" name="testDeleteUserbyName" time="0.470"/>
  <system-out/>
</testsuite> <!-- api.tests.UserTests2 -->
