<?xml version="1.0" encoding="UTF-8"?>
<!-- Generated by org.testng.reporters.JUnitReportReporter -->
<testsuite hostname="JayaprakashsMBP.lan" failures="0" tests="6" name="api.tests.DDTests" time="5.718" errors="0" timestamp="2024-03-04T13:23:48 CST" skipped="0">
  <testcase classname="api.tests.DDTests" name="testPostUser" time="2.694"/>
  <system-out/>
  <testcase classname="api.tests.DDTests" name="testPostUser" time="0.483"/>
  <system-out/>
  <testcase classname="api.tests.DDTests" name="testPostUser" time="0.995"/>
  <system-out/>
  <testcase classname="api.tests.DDTests" name="testDeleteUserbyName" time="0.461"/>
  <system-out/>
  <testcase classname="api.tests.DDTests" name="testDeleteUserbyName" time="0.610"/>
  <system-out/>
  <testcase classname="api.tests.DDTests" name="testDeleteUserbyName" time="0.475"/>
  <system-out/>
</testsuite> <!-- api.tests.DDTests -->
