<?xml version="1.0" encoding="UTF-8"?>
<!-- Generated by org.testng.reporters.JUnitReportReporter -->
<testsuite hostname="JayaprakashsMBP.lan" failures="0" tests="6" name="api.tests.DDTests" time="3.030" errors="0" timestamp="2024-03-06T12:37:33 CST" skipped="0">
  <testcase classname="api.tests.DDTests" name="testPostUser" time="0.593"/>
  <testcase classname="api.tests.DDTests" name="testPostUser" time="0.481"/>
  <testcase classname="api.tests.DDTests" name="testPostUser" time="0.289"/>
  <testcase classname="api.tests.DDTests" name="testDeleteUserbyName" time="0.476"/>
  <testcase classname="api.tests.DDTests" name="testDeleteUserbyName" time="0.602"/>
  <testcase classname="api.tests.DDTests" name="testDeleteUserbyName" time="0.589"/>
</testsuite> <!-- api.tests.DDTests -->
