<?xml version="1.0" encoding="UTF-8"?>
<!-- Generated by org.testng.reporters.JUnitReportReporter -->
<testsuite hostname="JayaprakashsMBP.lan" failures="0" tests="4" name="api.tests.UserTests" time="5.597" errors="0" timestamp="2024-03-06T12:37:33 CST" skipped="0">
  <testcase classname="api.tests.UserTests" name="testPostUser" time="3.419"/>
  <testcase classname="api.tests.UserTests" name="testGetUserbyName" time="0.430"/>
  <testcase classname="api.tests.UserTests" name="testupdateUserbyname" time="1.147"/>
  <testcase classname="api.tests.UserTests" name="testDeleteUserbyName" time="0.601"/>
</testsuite> <!-- api.tests.UserTests -->
